[debug] [2021-06-16T17:40:58.791Z] ----------------------------------------------------------------------
[debug] [2021-06-16T17:40:58.793Z] Command:       C:\Program Files\nodejs\node.exe C:\Users\rgram\AppData\Roaming\npm\node_modules\firebase-tools\lib\bin\firebase.js init
[debug] [2021-06-16T17:40:58.793Z] CLI Version:   9.13.0
[debug] [2021-06-16T17:40:58.793Z] Platform:      win32
[debug] [2021-06-16T17:40:58.793Z] Node Version:  v14.15.4
[debug] [2021-06-16T17:40:58.794Z] Time:          Wed Jun 16 2021 19:40:58 GMT+0200 (hora de verano de Europa central)
[debug] [2021-06-16T17:40:58.794Z] ----------------------------------------------------------------------
[debug] 
[debug] [2021-06-16T17:40:58.804Z] > command requires scopes: ["email","openid","https://www.googleapis.com/auth/cloudplatformprojects.readonly","https://www.googleapis.com/auth/firebase","https://www.googleapis.com/auth/cloud-platform"]
[debug] [2021-06-16T17:40:58.804Z] > authorizing via signed-in user (rgramblado@gmail.com)
[info] 
     ######## #### ########  ######## ########     ###     ######  ########
     ##        ##  ##     ## ##       ##     ##  ##   ##  ##       ##
     ######    ##  ########  ######   ########  #########  ######  ######
     ##        ##  ##    ##  ##       ##     ## ##     ##       ## ##
     ##       #### ##     ## ######## ########  ##     ##  ######  ########

You're about to initialize a Firebase project in this directory:

  C:\Users\rgram\Downloads\mewton

Before we get started, keep in mind:

  * You are initializing within an existing Firebase project directory

[info] 
=== Project Setup
[info] 
[info] First, let's associate this project directory with a Firebase project.
[info] You can create multiple project aliases by running firebase use --add, 
[info] but for now we'll just set up a default project.
[info] 
[info] i  .firebaserc already has a default project, using mewton-215ed. 
[debug] [2021-06-16T17:41:04.152Z] >>> [apiv2][query] GET https://firebase.googleapis.com/v1beta1/projects/mewton-215ed [none]
[debug] [2021-06-16T17:41:04.534Z] <<< [apiv2][status] GET https://firebase.googleapis.com/v1beta1/projects/mewton-215ed 403
[debug] [2021-06-16T17:41:04.534Z] <<< [apiv2][body] GET https://firebase.googleapis.com/v1beta1/projects/mewton-215ed {"error":{"code":403,"message":"The caller does not have permission","status":"PERMISSION_DENIED"}}
[debug] [2021-06-16T17:41:04.534Z] HTTP Error: 403, The caller does not have permission
[debug] [2021-06-16T17:41:04.654Z] FirebaseError: HTTP Error: 403, The caller does not have permission
    at module.exports (C:\Users\rgram\AppData\Roaming\npm\node_modules\firebase-tools\lib\responseToError.js:38:12)
    at Client.doRequest (C:\Users\rgram\AppData\Roaming\npm\node_modules\firebase-tools\lib\apiv2.js:238:23)
    at processTicksAndRejections (internal/process/task_queues.js:93:5)
    at async Client.request (C:\Users\rgram\AppData\Roaming\npm\node_modules\firebase-tools\lib\apiv2.js:96:20)
    at async Object.getFirebaseProject (C:\Users\rgram\AppData\Roaming\npm\node_modules\firebase-tools\lib\management\projects.js:290:21)
    at async Object.doSetup [as project] (C:\Users\rgram\AppData\Roaming\npm\node_modules\firebase-tools\lib\init\features\project.js:77:27)
    at async init (C:\Users\rgram\AppData\Roaming\npm\node_modules\firebase-tools\lib\init\index.js:19:9)
[error] 
[error] Error: Failed to get Firebase project mewton-215ed. Please make sure the project exists and your account has permission to access it.
[debug] [2021-06-16T17:41:25.682Z] ----------------------------------------------------------------------
[debug] [2021-06-16T17:41:25.684Z] Command:       C:\Program Files\nodejs\node.exe C:\Users\rgram\AppData\Roaming\npm\node_modules\firebase-tools\lib\bin\firebase.js init
[debug] [2021-06-16T17:41:25.685Z] CLI Version:   9.13.0
[debug] [2021-06-16T17:41:25.685Z] Platform:      win32
[debug] [2021-06-16T17:41:25.685Z] Node Version:  v14.15.4
[debug] [2021-06-16T17:41:25.686Z] Time:          Wed Jun 16 2021 19:41:25 GMT+0200 (hora de verano de Europa central)
[debug] [2021-06-16T17:41:25.686Z] ----------------------------------------------------------------------
[debug] 
[debug] [2021-06-16T17:41:25.695Z] > command requires scopes: ["email","openid","https://www.googleapis.com/auth/cloudplatformprojects.readonly","https://www.googleapis.com/auth/firebase","https://www.googleapis.com/auth/cloud-platform"]
[debug] [2021-06-16T17:41:25.696Z] > authorizing via signed-in user (rgramblado@gmail.com)
[info] 
     ######## #### ########  ######## ########     ###     ######  ########
     ##        ##  ##     ## ##       ##     ##  ##   ##  ##       ##
     ######    ##  ########  ######   ########  #########  ######  ######
     ##        ##  ##    ##  ##       ##     ## ##     ##       ## ##
     ##       #### ##     ## ######## ########  ##     ##  ######  ########

You're about to initialize a Firebase project in this directory:

  C:\Users\rgram\Downloads\mewton

Before we get started, keep in mind:

  * You are initializing within an existing Firebase project directory

[info] 
=== Project Setup
[info] 
[info] First, let's associate this project directory with a Firebase project.
[info] You can create multiple project aliases by running firebase use --add, 
[info] but for now we'll just set up a default project.
[info] 
[info] i  .firebaserc already has a default project, using mewton-215ed. 
[debug] [2021-06-16T17:41:29.184Z] >>> [apiv2][query] GET https://firebase.googleapis.com/v1beta1/projects/mewton-215ed [none]
[debug] [2021-06-16T17:41:29.536Z] <<< [apiv2][status] GET https://firebase.googleapis.com/v1beta1/projects/mewton-215ed 403
[debug] [2021-06-16T17:41:29.536Z] <<< [apiv2][body] GET https://firebase.googleapis.com/v1beta1/projects/mewton-215ed {"error":{"code":403,"message":"The caller does not have permission","status":"PERMISSION_DENIED"}}
[debug] [2021-06-16T17:41:29.537Z] HTTP Error: 403, The caller does not have permission
[debug] [2021-06-16T17:41:29.648Z] FirebaseError: HTTP Error: 403, The caller does not have permission
    at module.exports (C:\Users\rgram\AppData\Roaming\npm\node_modules\firebase-tools\lib\responseToError.js:38:12)
    at Client.doRequest (C:\Users\rgram\AppData\Roaming\npm\node_modules\firebase-tools\lib\apiv2.js:238:23)
    at processTicksAndRejections (internal/process/task_queues.js:93:5)
    at async Client.request (C:\Users\rgram\AppData\Roaming\npm\node_modules\firebase-tools\lib\apiv2.js:96:20)
    at async Object.getFirebaseProject (C:\Users\rgram\AppData\Roaming\npm\node_modules\firebase-tools\lib\management\projects.js:290:21)
    at async Object.doSetup [as project] (C:\Users\rgram\AppData\Roaming\npm\node_modules\firebase-tools\lib\init\features\project.js:77:27)
    at async init (C:\Users\rgram\AppData\Roaming\npm\node_modules\firebase-tools\lib\init\index.js:19:9)
[error] 
[error] Error: Failed to get Firebase project mewton-215ed. Please make sure the project exists and your account has permission to access it.
[debug] [2021-06-16T17:41:56.197Z] ----------------------------------------------------------------------
[debug] [2021-06-16T17:41:56.198Z] Command:       C:\Program Files\nodejs\node.exe C:\Users\rgram\AppData\Roaming\npm\node_modules\firebase-tools\lib\bin\firebase.js init
[debug] [2021-06-16T17:41:56.199Z] CLI Version:   9.13.0
[debug] [2021-06-16T17:41:56.199Z] Platform:      win32
[debug] [2021-06-16T17:41:56.199Z] Node Version:  v14.15.4
[debug] [2021-06-16T17:41:56.200Z] Time:          Wed Jun 16 2021 19:41:56 GMT+0200 (hora de verano de Europa central)
[debug] [2021-06-16T17:41:56.200Z] ----------------------------------------------------------------------
[debug] 
[debug] [2021-06-16T17:41:56.205Z] > command requires scopes: ["email","openid","https://www.googleapis.com/auth/cloudplatformprojects.readonly","https://www.googleapis.com/auth/firebase","https://www.googleapis.com/auth/cloud-platform"]
[debug] [2021-06-16T17:41:56.205Z] > authorizing via signed-in user (rgramblado@gmail.com)
[info] 
     ######## #### ########  ######## ########     ###     ######  ########
     ##        ##  ##     ## ##       ##     ##  ##   ##  ##       ##
     ######    ##  ########  ######   ########  #########  ######  ######
     ##        ##  ##    ##  ##       ##     ## ##     ##       ## ##
     ##       #### ##     ## ######## ########  ##     ##  ######  ########

You're about to initialize a Firebase project in this directory:

  C:\Users\rgram\Downloads\mewton

Before we get started, keep in mind:

  * You are initializing within an existing Firebase project directory

[info] 
=== Project Setup
[info] 
[info] First, let's associate this project directory with a Firebase project.
[info] You can create multiple project aliases by running firebase use --add, 
[info] but for now we'll just set up a default project.
[info] 
[info] i  .firebaserc already has a default project, using mewton-215ed. 
[debug] [2021-06-16T17:42:00.951Z] >>> [apiv2][query] GET https://firebase.googleapis.com/v1beta1/projects/mewton-215ed [none]
[debug] [2021-06-16T17:42:01.330Z] <<< [apiv2][status] GET https://firebase.googleapis.com/v1beta1/projects/mewton-215ed 403
[debug] [2021-06-16T17:42:01.330Z] <<< [apiv2][body] GET https://firebase.googleapis.com/v1beta1/projects/mewton-215ed {"error":{"code":403,"message":"The caller does not have permission","status":"PERMISSION_DENIED"}}
[debug] [2021-06-16T17:42:01.331Z] HTTP Error: 403, The caller does not have permission
[debug] [2021-06-16T17:42:01.444Z] FirebaseError: HTTP Error: 403, The caller does not have permission
    at module.exports (C:\Users\rgram\AppData\Roaming\npm\node_modules\firebase-tools\lib\responseToError.js:38:12)
    at Client.doRequest (C:\Users\rgram\AppData\Roaming\npm\node_modules\firebase-tools\lib\apiv2.js:238:23)
    at processTicksAndRejections (internal/process/task_queues.js:93:5)
    at async Client.request (C:\Users\rgram\AppData\Roaming\npm\node_modules\firebase-tools\lib\apiv2.js:96:20)
    at async Object.getFirebaseProject (C:\Users\rgram\AppData\Roaming\npm\node_modules\firebase-tools\lib\management\projects.js:290:21)
    at async Object.doSetup [as project] (C:\Users\rgram\AppData\Roaming\npm\node_modules\firebase-tools\lib\init\features\project.js:77:27)
    at async init (C:\Users\rgram\AppData\Roaming\npm\node_modules\firebase-tools\lib\init\index.js:19:9)
[error] 
[error] Error: Failed to get Firebase project mewton-215ed. Please make sure the project exists and your account has permission to access it.
